2025/02/07 01:31:07 [error] [exception.CHttpException.404] CHttpException: The system is unable to find the requested action "getStatistics". in C:\Users\jotaf\desafio\yii-1.1.28.23448d\framework\web\CController.php:486
Stack trace:
#0 C:\Users\jotaf\desafio\yii-1.1.28.23448d\framework\web\CController.php(270): CController->missingAction('getStatistics')
#1 C:\Users\jotaf\desafio\yii-1.1.28.23448d\framework\web\CWebApplication.php(282): CController->run('getStatistics')
#2 C:\Users\jotaf\desafio\yii-1.1.28.23448d\framework\web\CWebApplication.php(141): CWebApplication->runController('motorista/getSt...')
#3 C:\Users\jotaf\desafio\yii-1.1.28.23448d\framework\base\CApplication.php(185): CWebApplication->processRequest()
#4 C:\Users\jotaf\desafio\index.php(13): CApplication->run()
#5 {main}
REQUEST_URI=/index.php?r=motorista/getStatistics
---
2025/02/07 01:31:08 [error] [exception.CHttpException.404] CHttpException: The system is unable to find the requested action "getStatistics". in C:\Users\jotaf\desafio\yii-1.1.28.23448d\framework\web\CController.php:486
Stack trace:
#0 C:\Users\jotaf\desafio\yii-1.1.28.23448d\framework\web\CController.php(270): CController->missingAction('getStatistics')
#1 C:\Users\jotaf\desafio\yii-1.1.28.23448d\framework\web\CWebApplication.php(282): CController->run('getStatistics')
#2 C:\Users\jotaf\desafio\yii-1.1.28.23448d\framework\web\CWebApplication.php(141): CWebApplication->runController('motorista/getSt...')
#3 C:\Users\jotaf\desafio\yii-1.1.28.23448d\framework\base\CApplication.php(185): CWebApplication->processRequest()
#4 C:\Users\jotaf\desafio\index.php(13): CApplication->run()
#5 {main}
REQUEST_URI=/index.php?r=motorista/getStatistics
---
2025/02/07 01:31:08 [error] [exception.CHttpException.404] CHttpException: The system is unable to find the requested action "getStatistics". in C:\Users\jotaf\desafio\yii-1.1.28.23448d\framework\web\CController.php:486
Stack trace:
#0 C:\Users\jotaf\desafio\yii-1.1.28.23448d\framework\web\CController.php(270): CController->missingAction('getStatistics')
#1 C:\Users\jotaf\desafio\yii-1.1.28.23448d\framework\web\CWebApplication.php(282): CController->run('getStatistics')
#2 C:\Users\jotaf\desafio\yii-1.1.28.23448d\framework\web\CWebApplication.php(141): CWebApplication->runController('motorista/getSt...')
#3 C:\Users\jotaf\desafio\yii-1.1.28.23448d\framework\base\CApplication.php(185): CWebApplication->processRequest()
#4 C:\Users\jotaf\desafio\index.php(13): CApplication->run()
#5 {main}
REQUEST_URI=/index.php?r=motorista/getStatistics
---
2025/02/07 01:31:09 [error] [exception.CHttpException.404] CHttpException: The system is unable to find the requested action "getStatistics". in C:\Users\jotaf\desafio\yii-1.1.28.23448d\framework\web\CController.php:486
Stack trace:
#0 C:\Users\jotaf\desafio\yii-1.1.28.23448d\framework\web\CController.php(270): CController->missingAction('getStatistics')
#1 C:\Users\jotaf\desafio\yii-1.1.28.23448d\framework\web\CWebApplication.php(282): CController->run('getStatistics')
#2 C:\Users\jotaf\desafio\yii-1.1.28.23448d\framework\web\CWebApplication.php(141): CWebApplication->runController('motorista/getSt...')
#3 C:\Users\jotaf\desafio\yii-1.1.28.23448d\framework\base\CApplication.php(185): CWebApplication->processRequest()
#4 C:\Users\jotaf\desafio\index.php(13): CApplication->run()
#5 {main}
REQUEST_URI=/index.php?r=motorista/getStatistics
---
2025/02/07 01:32:05 [error] [system.db.CDbCommand] CDbCommand::fetchAll() failed: SQLSTATE[42S02]: Base table or view not found: 1146 Table 'tabela.corridas' doesn't exist. The SQL statement executed was: SELECT 
                MIN(c.inicio) AS inicio, 
                MAX(c.inicio) AS fim, 
                COUNT(c.id) AS quantidade, 
                COALESCE(SUM(c.tarifa), 0) AS faturamento
            
FROM `corridas` `c`
WHERE c.id_motorista = :id AND c.inicio BETWEEN :start AND :end
GROUP BY DATE_FORMAT(inicio, '%Y-%m'). Bound with :id=1, :start='2025-02-06 00:00:00', :end='2025-02-06 23:59:59'.
in C:\Users\jotaf\desafio\protected\controllers\MotoristaController.php (256)
in C:\Users\jotaf\desafio\protected\controllers\MotoristaController.php (215)
in C:\Users\jotaf\desafio\index.php (13)
2025/02/07 01:32:05 [error] [exception.CDbException] CDbException: CDbCommand failed to execute the SQL statement: SQLSTATE[42S02]: Base table or view not found: 1146 Table 'tabela.corridas' doesn't exist. The SQL statement executed was: SELECT 
                MIN(c.inicio) AS inicio, 
                MAX(c.inicio) AS fim, 
                COUNT(c.id) AS quantidade, 
                COALESCE(SUM(c.tarifa), 0) AS faturamento
            
FROM `corridas` `c`
WHERE c.id_motorista = :id AND c.inicio BETWEEN :start AND :end
GROUP BY DATE_FORMAT(inicio, '%Y-%m'). Bound with :id=1, :start='2025-02-06 00:00:00', :end='2025-02-06 23:59:59' in C:\Users\jotaf\desafio\yii-1.1.28.23448d\framework\db\CDbCommand.php:543
Stack trace:
#0 C:\Users\jotaf\desafio\yii-1.1.28.23448d\framework\db\CDbCommand.php(396): CDbCommand->queryInternal('fetchAll', Array, Array)
#1 C:\Users\jotaf\desafio\protected\controllers\MotoristaController.php(256): CDbCommand->queryAll()
#2 C:\Users\jotaf\desafio\protected\controllers\MotoristaController.php(215): MotoristaController->getStatistics(1, '2025-02-06', '2025-02-06', 'M')
#3 C:\Users\jotaf\desafio\yii-1.1.28.23448d\framework\web\actions\CInlineAction.php(49): MotoristaController->actionEstatisticas()
#4 C:\Users\jotaf\desafio\yii-1.1.28.23448d\framework\web\CController.php(308): CInlineAction->runWithParams(Array)
#5 C:\Users\jotaf\desafio\yii-1.1.28.23448d\framework\web\filters\CFilterChain.php(134): CController->runAction(Object(CInlineAction))
#6 C:\Users\jotaf\desafio\yii-1.1.28.23448d\framework\web\filters\CFilter.php(40): CFilterChain->run()
#7 C:\Users\jotaf\desafio\yii-1.1.28.23448d\framework\web\CController.php(1148): CFilter->filter(Object(CFilterChain))
#8 C:\Users\jotaf\desafio\yii-1.1.28.23448d\framework\web\filters\CInlineFilter.php(58): CController->filterAccessControl(Object(CFilterChain))
#9 C:\Users\jotaf\desafio\yii-1.1.28.23448d\framework\web\filters\CFilterChain.php(131): CInlineFilter->filter(Object(CFilterChain))
#10 C:\Users\jotaf\desafio\yii-1.1.28.23448d\framework\web\CController.php(291): CFilterChain->run()
#11 C:\Users\jotaf\desafio\yii-1.1.28.23448d\framework\web\CController.php(265): CController->runActionWithFilters(Object(CInlineAction), Array)
#12 C:\Users\jotaf\desafio\yii-1.1.28.23448d\framework\web\CWebApplication.php(282): CController->run('estatisticas')
#13 C:\Users\jotaf\desafio\yii-1.1.28.23448d\framework\web\CWebApplication.php(141): CWebApplication->runController('motorista/estat...')
#14 C:\Users\jotaf\desafio\yii-1.1.28.23448d\framework\base\CApplication.php(185): CWebApplication->processRequest()
#15 C:\Users\jotaf\desafio\index.php(13): CApplication->run()
#16 {main}
REQUEST_URI=/index.php?r=motorista/estatisticas
---
2025/02/07 01:32:13 [error] [system.db.CDbCommand] CDbCommand::fetchAll() failed: SQLSTATE[42S22]: Column not found: 1054 Unknown column 'c.id_motorista' in 'where clause'. The SQL statement executed was: SELECT 
                MIN(c.inicio) AS inicio, 
                MAX(c.inicio) AS fim, 
                COUNT(c.id) AS quantidade, 
                COALESCE(SUM(c.tarifa), 0) AS faturamento
            
FROM `corrida` `c`
WHERE c.id_motorista = :id AND c.inicio BETWEEN :start AND :end
GROUP BY DATE_FORMAT(inicio, '%Y-%m'). Bound with :id=1, :start='2025-02-06 00:00:00', :end='2025-02-06 23:59:59'.
in C:\Users\jotaf\desafio\protected\controllers\MotoristaController.php (256)
in C:\Users\jotaf\desafio\protected\controllers\MotoristaController.php (215)
in C:\Users\jotaf\desafio\index.php (13)
2025/02/07 01:32:13 [error] [exception.CDbException] CDbException: CDbCommand failed to execute the SQL statement: SQLSTATE[42S22]: Column not found: 1054 Unknown column 'c.id_motorista' in 'where clause'. The SQL statement executed was: SELECT 
                MIN(c.inicio) AS inicio, 
                MAX(c.inicio) AS fim, 
                COUNT(c.id) AS quantidade, 
                COALESCE(SUM(c.tarifa), 0) AS faturamento
            
FROM `corrida` `c`
WHERE c.id_motorista = :id AND c.inicio BETWEEN :start AND :end
GROUP BY DATE_FORMAT(inicio, '%Y-%m'). Bound with :id=1, :start='2025-02-06 00:00:00', :end='2025-02-06 23:59:59' in C:\Users\jotaf\desafio\yii-1.1.28.23448d\framework\db\CDbCommand.php:543
Stack trace:
#0 C:\Users\jotaf\desafio\yii-1.1.28.23448d\framework\db\CDbCommand.php(396): CDbCommand->queryInternal('fetchAll', Array, Array)
#1 C:\Users\jotaf\desafio\protected\controllers\MotoristaController.php(256): CDbCommand->queryAll()
#2 C:\Users\jotaf\desafio\protected\controllers\MotoristaController.php(215): MotoristaController->getStatistics(1, '2025-02-06', '2025-02-06', 'M')
#3 C:\Users\jotaf\desafio\yii-1.1.28.23448d\framework\web\actions\CInlineAction.php(49): MotoristaController->actionEstatisticas()
#4 C:\Users\jotaf\desafio\yii-1.1.28.23448d\framework\web\CController.php(308): CInlineAction->runWithParams(Array)
#5 C:\Users\jotaf\desafio\yii-1.1.28.23448d\framework\web\filters\CFilterChain.php(134): CController->runAction(Object(CInlineAction))
#6 C:\Users\jotaf\desafio\yii-1.1.28.23448d\framework\web\filters\CFilter.php(40): CFilterChain->run()
#7 C:\Users\jotaf\desafio\yii-1.1.28.23448d\framework\web\CController.php(1148): CFilter->filter(Object(CFilterChain))
#8 C:\Users\jotaf\desafio\yii-1.1.28.23448d\framework\web\filters\CInlineFilter.php(58): CController->filterAccessControl(Object(CFilterChain))
#9 C:\Users\jotaf\desafio\yii-1.1.28.23448d\framework\web\filters\CFilterChain.php(131): CInlineFilter->filter(Object(CFilterChain))
#10 C:\Users\jotaf\desafio\yii-1.1.28.23448d\framework\web\CController.php(291): CFilterChain->run()
#11 C:\Users\jotaf\desafio\yii-1.1.28.23448d\framework\web\CController.php(265): CController->runActionWithFilters(Object(CInlineAction), Array)
#12 C:\Users\jotaf\desafio\yii-1.1.28.23448d\framework\web\CWebApplication.php(282): CController->run('estatisticas')
#13 C:\Users\jotaf\desafio\yii-1.1.28.23448d\framework\web\CWebApplication.php(141): CWebApplication->runController('motorista/estat...')
#14 C:\Users\jotaf\desafio\yii-1.1.28.23448d\framework\base\CApplication.php(185): CWebApplication->processRequest()
#15 C:\Users\jotaf\desafio\index.php(13): CApplication->run()
#16 {main}
REQUEST_URI=/index.php?r=motorista/estatisticas
---
2025/02/07 01:45:19 [error] [system.db.CDbCommand] CDbCommand::fetchAll() failed: SQLSTATE[42S02]: Base table or view not found: 1146 Table 'tabela.corridas' doesn't exist. The SQL statement executed was: SELECT 
            MIN(c.inicio) AS intervalo_inicio, 
            MAX(c.inicio) AS intervalo_fim, 
            COUNT(c.id) AS quantidade, 
            COALESCE(SUM(c.tarifa), 0) AS faturamento
        
FROM `corridas` `c`
WHERE c.id_motorista = :id AND c.inicio BETWEEN :start AND :end
GROUP BY DATE_FORMAT(c.inicio, '%Y-%m'). Bound with :id=1, :start='2025-02-06 00:00:00', :end='2025-02-06 23:59:59'.
in C:\Users\jotaf\desafio\protected\controllers\MotoristaController.php (257)
in C:\Users\jotaf\desafio\protected\controllers\MotoristaController.php (215)
in C:\Users\jotaf\desafio\index.php (13)
2025/02/07 01:45:19 [error] [exception.CDbException] CDbException: CDbCommand failed to execute the SQL statement: SQLSTATE[42S02]: Base table or view not found: 1146 Table 'tabela.corridas' doesn't exist. The SQL statement executed was: SELECT 
            MIN(c.inicio) AS intervalo_inicio, 
            MAX(c.inicio) AS intervalo_fim, 
            COUNT(c.id) AS quantidade, 
            COALESCE(SUM(c.tarifa), 0) AS faturamento
        
FROM `corridas` `c`
WHERE c.id_motorista = :id AND c.inicio BETWEEN :start AND :end
GROUP BY DATE_FORMAT(c.inicio, '%Y-%m'). Bound with :id=1, :start='2025-02-06 00:00:00', :end='2025-02-06 23:59:59' in C:\Users\jotaf\desafio\yii-1.1.28.23448d\framework\db\CDbCommand.php:543
Stack trace:
#0 C:\Users\jotaf\desafio\yii-1.1.28.23448d\framework\db\CDbCommand.php(396): CDbCommand->queryInternal('fetchAll', Array, Array)
#1 C:\Users\jotaf\desafio\protected\controllers\MotoristaController.php(257): CDbCommand->queryAll()
#2 C:\Users\jotaf\desafio\protected\controllers\MotoristaController.php(215): MotoristaController->getStatistics(1, '2025-02-06', '2025-02-06', 'M')
#3 C:\Users\jotaf\desafio\yii-1.1.28.23448d\framework\web\actions\CInlineAction.php(49): MotoristaController->actionEstatisticas()
#4 C:\Users\jotaf\desafio\yii-1.1.28.23448d\framework\web\CController.php(308): CInlineAction->runWithParams(Array)
#5 C:\Users\jotaf\desafio\yii-1.1.28.23448d\framework\web\filters\CFilterChain.php(134): CController->runAction(Object(CInlineAction))
#6 C:\Users\jotaf\desafio\yii-1.1.28.23448d\framework\web\filters\CFilter.php(40): CFilterChain->run()
#7 C:\Users\jotaf\desafio\yii-1.1.28.23448d\framework\web\CController.php(1148): CFilter->filter(Object(CFilterChain))
#8 C:\Users\jotaf\desafio\yii-1.1.28.23448d\framework\web\filters\CInlineFilter.php(58): CController->filterAccessControl(Object(CFilterChain))
#9 C:\Users\jotaf\desafio\yii-1.1.28.23448d\framework\web\filters\CFilterChain.php(131): CInlineFilter->filter(Object(CFilterChain))
#10 C:\Users\jotaf\desafio\yii-1.1.28.23448d\framework\web\CController.php(291): CFilterChain->run()
#11 C:\Users\jotaf\desafio\yii-1.1.28.23448d\framework\web\CController.php(265): CController->runActionWithFilters(Object(CInlineAction), Array)
#12 C:\Users\jotaf\desafio\yii-1.1.28.23448d\framework\web\CWebApplication.php(282): CController->run('estatisticas')
#13 C:\Users\jotaf\desafio\yii-1.1.28.23448d\framework\web\CWebApplication.php(141): CWebApplication->runController('motorista/estat...')
#14 C:\Users\jotaf\desafio\yii-1.1.28.23448d\framework\base\CApplication.php(185): CWebApplication->processRequest()
#15 C:\Users\jotaf\desafio\index.php(13): CApplication->run()
#16 {main}
REQUEST_URI=/index.php?r=motorista/estatisticas
---
2025/02/07 01:45:30 [error] [system.db.CDbCommand] CDbCommand::fetchAll() failed: SQLSTATE[42S22]: Column not found: 1054 Unknown column 'c.id_motorista' in 'where clause'. The SQL statement executed was: SELECT 
            MIN(c.inicio) AS intervalo_inicio, 
            MAX(c.inicio) AS intervalo_fim, 
            COUNT(c.motorista) AS quantidade, 
            COALESCE(SUM(c.tarifa), 0) AS faturamento
        
FROM `corrida` `c`
WHERE c.id_motorista = :id AND c.inicio BETWEEN :start AND :end
GROUP BY DATE_FORMAT(c.inicio, '%Y-%m'). Bound with :id=1, :start='2025-02-06 00:00:00', :end='2025-02-06 23:59:59'.
in C:\Users\jotaf\desafio\protected\controllers\MotoristaController.php (257)
in C:\Users\jotaf\desafio\protected\controllers\MotoristaController.php (215)
in C:\Users\jotaf\desafio\index.php (13)
2025/02/07 01:45:30 [error] [exception.CDbException] CDbException: CDbCommand failed to execute the SQL statement: SQLSTATE[42S22]: Column not found: 1054 Unknown column 'c.id_motorista' in 'where clause'. The SQL statement executed was: SELECT 
            MIN(c.inicio) AS intervalo_inicio, 
            MAX(c.inicio) AS intervalo_fim, 
            COUNT(c.motorista) AS quantidade, 
            COALESCE(SUM(c.tarifa), 0) AS faturamento
        
FROM `corrida` `c`
WHERE c.id_motorista = :id AND c.inicio BETWEEN :start AND :end
GROUP BY DATE_FORMAT(c.inicio, '%Y-%m'). Bound with :id=1, :start='2025-02-06 00:00:00', :end='2025-02-06 23:59:59' in C:\Users\jotaf\desafio\yii-1.1.28.23448d\framework\db\CDbCommand.php:543
Stack trace:
#0 C:\Users\jotaf\desafio\yii-1.1.28.23448d\framework\db\CDbCommand.php(396): CDbCommand->queryInternal('fetchAll', Array, Array)
#1 C:\Users\jotaf\desafio\protected\controllers\MotoristaController.php(257): CDbCommand->queryAll()
#2 C:\Users\jotaf\desafio\protected\controllers\MotoristaController.php(215): MotoristaController->getStatistics(1, '2025-02-06', '2025-02-06', 'M')
#3 C:\Users\jotaf\desafio\yii-1.1.28.23448d\framework\web\actions\CInlineAction.php(49): MotoristaController->actionEstatisticas()
#4 C:\Users\jotaf\desafio\yii-1.1.28.23448d\framework\web\CController.php(308): CInlineAction->runWithParams(Array)
#5 C:\Users\jotaf\desafio\yii-1.1.28.23448d\framework\web\filters\CFilterChain.php(134): CController->runAction(Object(CInlineAction))
#6 C:\Users\jotaf\desafio\yii-1.1.28.23448d\framework\web\filters\CFilter.php(40): CFilterChain->run()
#7 C:\Users\jotaf\desafio\yii-1.1.28.23448d\framework\web\CController.php(1148): CFilter->filter(Object(CFilterChain))
#8 C:\Users\jotaf\desafio\yii-1.1.28.23448d\framework\web\filters\CInlineFilter.php(58): CController->filterAccessControl(Object(CFilterChain))
#9 C:\Users\jotaf\desafio\yii-1.1.28.23448d\framework\web\filters\CFilterChain.php(131): CInlineFilter->filter(Object(CFilterChain))
#10 C:\Users\jotaf\desafio\yii-1.1.28.23448d\framework\web\CController.php(291): CFilterChain->run()
#11 C:\Users\jotaf\desafio\yii-1.1.28.23448d\framework\web\CController.php(265): CController->runActionWithFilters(Object(CInlineAction), Array)
#12 C:\Users\jotaf\desafio\yii-1.1.28.23448d\framework\web\CWebApplication.php(282): CController->run('estatisticas')
#13 C:\Users\jotaf\desafio\yii-1.1.28.23448d\framework\web\CWebApplication.php(141): CWebApplication->runController('motorista/estat...')
#14 C:\Users\jotaf\desafio\yii-1.1.28.23448d\framework\base\CApplication.php(185): CWebApplication->processRequest()
#15 C:\Users\jotaf\desafio\index.php(13): CApplication->run()
#16 {main}
REQUEST_URI=/index.php?r=motorista/estatisticas
---
2025/02/07 02:02:08 [error] [php] Undefined variable $id_motorista (C:\Users\jotaf\desafio\protected\controllers\MotoristaController.php:217)
Stack trace:
#0 C:\Users\jotaf\desafio\yii-1.1.28.23448d\framework\web\actions\CInlineAction.php(49): MotoristaController->actionEstatisticas()
#1 C:\Users\jotaf\desafio\yii-1.1.28.23448d\framework\web\CController.php(308): CInlineAction->runWithParams()
#2 C:\Users\jotaf\desafio\yii-1.1.28.23448d\framework\web\filters\CFilterChain.php(134): MotoristaController->runAction()
#3 C:\Users\jotaf\desafio\yii-1.1.28.23448d\framework\web\filters\CFilter.php(40): CFilterChain->run()
#4 C:\Users\jotaf\desafio\yii-1.1.28.23448d\framework\web\CController.php(1148): CAccessControlFilter->filter()
#5 C:\Users\jotaf\desafio\yii-1.1.28.23448d\framework\web\filters\CInlineFilter.php(58): MotoristaController->filterAccessControl()
#6 C:\Users\jotaf\desafio\yii-1.1.28.23448d\framework\web\filters\CFilterChain.php(131): CInlineFilter->filter()
#7 C:\Users\jotaf\desafio\yii-1.1.28.23448d\framework\web\CController.php(291): CFilterChain->run()
#8 C:\Users\jotaf\desafio\yii-1.1.28.23448d\framework\web\CController.php(265): MotoristaController->runActionWithFilters()
#9 C:\Users\jotaf\desafio\yii-1.1.28.23448d\framework\web\CWebApplication.php(282): MotoristaController->run()
#10 C:\Users\jotaf\desafio\yii-1.1.28.23448d\framework\web\CWebApplication.php(141): CWebApplication->runController()
#11 C:\Users\jotaf\desafio\yii-1.1.28.23448d\framework\base\CApplication.php(185): CWebApplication->processRequest()
#12 C:\Users\jotaf\desafio\index.php(13): CWebApplication->run()
REQUEST_URI=/index.php?r=motorista/estatisticas
in C:\Users\jotaf\desafio\protected\controllers\MotoristaController.php (217)
in C:\Users\jotaf\desafio\index.php (13)
2025/02/07 02:02:26 [error] [php] Undefined variable $id (C:\Users\jotaf\desafio\protected\controllers\MotoristaController.php:217)
Stack trace:
#0 C:\Users\jotaf\desafio\yii-1.1.28.23448d\framework\web\actions\CInlineAction.php(49): MotoristaController->actionEstatisticas()
#1 C:\Users\jotaf\desafio\yii-1.1.28.23448d\framework\web\CController.php(308): CInlineAction->runWithParams()
#2 C:\Users\jotaf\desafio\yii-1.1.28.23448d\framework\web\filters\CFilterChain.php(134): MotoristaController->runAction()
#3 C:\Users\jotaf\desafio\yii-1.1.28.23448d\framework\web\filters\CFilter.php(40): CFilterChain->run()
#4 C:\Users\jotaf\desafio\yii-1.1.28.23448d\framework\web\CController.php(1148): CAccessControlFilter->filter()
#5 C:\Users\jotaf\desafio\yii-1.1.28.23448d\framework\web\filters\CInlineFilter.php(58): MotoristaController->filterAccessControl()
#6 C:\Users\jotaf\desafio\yii-1.1.28.23448d\framework\web\filters\CFilterChain.php(131): CInlineFilter->filter()
#7 C:\Users\jotaf\desafio\yii-1.1.28.23448d\framework\web\CController.php(291): CFilterChain->run()
#8 C:\Users\jotaf\desafio\yii-1.1.28.23448d\framework\web\CController.php(265): MotoristaController->runActionWithFilters()
#9 C:\Users\jotaf\desafio\yii-1.1.28.23448d\framework\web\CWebApplication.php(282): MotoristaController->run()
#10 C:\Users\jotaf\desafio\yii-1.1.28.23448d\framework\web\CWebApplication.php(141): CWebApplication->runController()
#11 C:\Users\jotaf\desafio\yii-1.1.28.23448d\framework\base\CApplication.php(185): CWebApplication->processRequest()
#12 C:\Users\jotaf\desafio\index.php(13): CWebApplication->run()
REQUEST_URI=/index.php?r=motorista/estatisticas
in C:\Users\jotaf\desafio\protected\controllers\MotoristaController.php (217)
in C:\Users\jotaf\desafio\index.php (13)
2025/02/07 02:02:44 [error] [exception.CException] CException: MotoristaController and its behaviors do not have a method or closure named "_getIdMotorista". in C:\Users\jotaf\desafio\yii-1.1.28.23448d\framework\base\CComponent.php:266
Stack trace:
#0 C:\Users\jotaf\desafio\protected\controllers\MotoristaController.php(217): CComponent->__call('_getIdMotorista', Array)
#1 C:\Users\jotaf\desafio\yii-1.1.28.23448d\framework\web\actions\CInlineAction.php(49): MotoristaController->actionEstatisticas()
#2 C:\Users\jotaf\desafio\yii-1.1.28.23448d\framework\web\CController.php(308): CInlineAction->runWithParams(Array)
#3 C:\Users\jotaf\desafio\yii-1.1.28.23448d\framework\web\filters\CFilterChain.php(134): CController->runAction(Object(CInlineAction))
#4 C:\Users\jotaf\desafio\yii-1.1.28.23448d\framework\web\filters\CFilter.php(40): CFilterChain->run()
#5 C:\Users\jotaf\desafio\yii-1.1.28.23448d\framework\web\CController.php(1148): CFilter->filter(Object(CFilterChain))
#6 C:\Users\jotaf\desafio\yii-1.1.28.23448d\framework\web\filters\CInlineFilter.php(58): CController->filterAccessControl(Object(CFilterChain))
#7 C:\Users\jotaf\desafio\yii-1.1.28.23448d\framework\web\filters\CFilterChain.php(131): CInlineFilter->filter(Object(CFilterChain))
#8 C:\Users\jotaf\desafio\yii-1.1.28.23448d\framework\web\CController.php(291): CFilterChain->run()
#9 C:\Users\jotaf\desafio\yii-1.1.28.23448d\framework\web\CController.php(265): CController->runActionWithFilters(Object(CInlineAction), Array)
#10 C:\Users\jotaf\desafio\yii-1.1.28.23448d\framework\web\CWebApplication.php(282): CController->run('estatisticas')
#11 C:\Users\jotaf\desafio\yii-1.1.28.23448d\framework\web\CWebApplication.php(141): CWebApplication->runController('motorista/estat...')
#12 C:\Users\jotaf\desafio\yii-1.1.28.23448d\framework\base\CApplication.php(185): CWebApplication->processRequest()
#13 C:\Users\jotaf\desafio\index.php(13): CApplication->run()
#14 {main}
REQUEST_URI=/index.php?r=motorista/estatisticas
---
2025/02/07 02:09:27 [error] [system.db.CDbCommand] CDbCommand::fetchAll() failed: SQLSTATE[42000]: Syntax error or access violation: 1064 You have an error in your SQL syntax; check the manual that corresponds to your MySQL server version for the right syntax to use near 'COALESCE(SUM(TIMESTAMPDIFF(SECOND, c.inicio, c.fim)), 0)
        
FROM `corrida`' at line 6. The SQL statement executed was: SELECT 
            MIN(c.inicio) AS intervalo_inicio, 
            MAX(c.inicio) AS intervalo_fim, 
            COUNT(c.motorista) AS quantidade, 
            COALESCE(SUM(c.tarifa), 0) AS faturamento
			COALESCE(SUM(TIMESTAMPDIFF(SECOND, c.inicio, c.fim)), 0)
        
FROM `corrida` `c`
WHERE c.motorista = :id AND c.inicio BETWEEN :start AND :end
GROUP BY DATE(c.inicio). Bound with :id=1, :start='2025-02-05 00:00:00', :end='2025-02-06 23:59:59'.
in C:\Users\jotaf\desafio\protected\controllers\MotoristaController.php (259)
in C:\Users\jotaf\desafio\protected\controllers\MotoristaController.php (216)
in C:\Users\jotaf\desafio\index.php (13)
2025/02/07 02:09:27 [error] [exception.CDbException] CDbException: CDbCommand failed to execute the SQL statement: SQLSTATE[42000]: Syntax error or access violation: 1064 You have an error in your SQL syntax; check the manual that corresponds to your MySQL server version for the right syntax to use near 'COALESCE(SUM(TIMESTAMPDIFF(SECOND, c.inicio, c.fim)), 0)
        
FROM `corrida`' at line 6. The SQL statement executed was: SELECT 
            MIN(c.inicio) AS intervalo_inicio, 
            MAX(c.inicio) AS intervalo_fim, 
            COUNT(c.motorista) AS quantidade, 
            COALESCE(SUM(c.tarifa), 0) AS faturamento
			COALESCE(SUM(TIMESTAMPDIFF(SECOND, c.inicio, c.fim)), 0)
        
FROM `corrida` `c`
WHERE c.motorista = :id AND c.inicio BETWEEN :start AND :end
GROUP BY DATE(c.inicio). Bound with :id=1, :start='2025-02-05 00:00:00', :end='2025-02-06 23:59:59' in C:\Users\jotaf\desafio\yii-1.1.28.23448d\framework\db\CDbCommand.php:543
Stack trace:
#0 C:\Users\jotaf\desafio\yii-1.1.28.23448d\framework\db\CDbCommand.php(396): CDbCommand->queryInternal('fetchAll', Array, Array)
#1 C:\Users\jotaf\desafio\protected\controllers\MotoristaController.php(259): CDbCommand->queryAll()
#2 C:\Users\jotaf\desafio\protected\controllers\MotoristaController.php(216): MotoristaController->getStatistics(1, '2025-02-05', '2025-02-06', 'D')
#3 C:\Users\jotaf\desafio\yii-1.1.28.23448d\framework\web\actions\CInlineAction.php(49): MotoristaController->actionEstatisticas()
#4 C:\Users\jotaf\desafio\yii-1.1.28.23448d\framework\web\CController.php(308): CInlineAction->runWithParams(Array)
#5 C:\Users\jotaf\desafio\yii-1.1.28.23448d\framework\web\filters\CFilterChain.php(134): CController->runAction(Object(CInlineAction))
#6 C:\Users\jotaf\desafio\yii-1.1.28.23448d\framework\web\filters\CFilter.php(40): CFilterChain->run()
#7 C:\Users\jotaf\desafio\yii-1.1.28.23448d\framework\web\CController.php(1148): CFilter->filter(Object(CFilterChain))
#8 C:\Users\jotaf\desafio\yii-1.1.28.23448d\framework\web\filters\CInlineFilter.php(58): CController->filterAccessControl(Object(CFilterChain))
#9 C:\Users\jotaf\desafio\yii-1.1.28.23448d\framework\web\filters\CFilterChain.php(131): CInlineFilter->filter(Object(CFilterChain))
#10 C:\Users\jotaf\desafio\yii-1.1.28.23448d\framework\web\CController.php(291): CFilterChain->run()
#11 C:\Users\jotaf\desafio\yii-1.1.28.23448d\framework\web\CController.php(265): CController->runActionWithFilters(Object(CInlineAction), Array)
#12 C:\Users\jotaf\desafio\yii-1.1.28.23448d\framework\web\CWebApplication.php(282): CController->run('estatisticas')
#13 C:\Users\jotaf\desafio\yii-1.1.28.23448d\framework\web\CWebApplication.php(141): CWebApplication->runController('motorista/estat...')
#14 C:\Users\jotaf\desafio\yii-1.1.28.23448d\framework\base\CApplication.php(185): CWebApplication->processRequest()
#15 C:\Users\jotaf\desafio\index.php(13): CApplication->run()
#16 {main}
REQUEST_URI=/index.php?r=motorista/estatisticas
---
